0 info it worked if it ends with ok
1 verbose cli [ 'C:\\Program Files\\nodejs\\node.exe',
1 verbose cli   'C:\\Program Files\\nodejs\\node_modules\\npm\\bin\\npm-cli.js',
1 verbose cli   'start' ]
2 info using npm@3.10.8
3 info using node@v6.9.1
4 verbose run-script [ 'prestart', 'start', 'poststart' ]
5 info lifecycle project-titan-server@1.0.0~prestart: project-titan-server@1.0.0
6 silly lifecycle project-titan-server@1.0.0~prestart: no script for prestart, continuing
7 info lifecycle project-titan-server@1.0.0~start: project-titan-server@1.0.0
8 verbose lifecycle project-titan-server@1.0.0~start: unsafe-perm in lifecycle true
9 verbose lifecycle project-titan-server@1.0.0~start: PATH: C:\Program Files\nodejs\node_modules\npm\bin\node-gyp-bin;c:\repos\project-titan\project-titan-server\node_modules\.bin;C:\Program Files\Cmder\bin;C:\Program Files\Cmder\vendor\conemu-maximus5\ConEmu\Scripts;C:\Program Files\Cmder\vendor\conemu-maximus5;C:\Program Files\Cmder\vendor\conemu-maximus5\ConEmu;C:\ProgramData\Oracle\Java\javapath;C:\Python34\;C:\Python34\Scripts;C:\Program Files (x86)\Razer Chroma SDK\bin;C:\Program Files\Razer Chroma SDK\bin;C:\Windows\system32;C:\Windows;C:\Windows\System32\Wbem;C:\Windows\System32\WindowsPowerShell\v1.0\;C:\Program Files\Git\cmd;C:\Program Files (x86)\Windows Kits\8.1\Windows Performance Toolkit\;C:\Program Files\nodejs\;C:\Users\CAOak\AppData\Local\Microsoft\WindowsApps;C:\Users\CAOak\AppData\Local\atom\bin;C:\Program Files\MongoDB\Server\3.2\bin;C:\Users\CAOak\AppData\Roaming\npm;C:\Program Files (x86)\NVIDIA Corporation\PhysX\Common;C:\Go\bin;C:\repos\Go\bin;C:\Users\CAOak\AppData\Local\Android\sdk\tools;C:\Users\CAOak\AppData\Local\now-cli;C:\Program Files\Git\usr\bin;C:\Program Files\Git\usr\share\vim\vim74;C:\Program Files\Cmder\
10 verbose lifecycle project-titan-server@1.0.0~start: CWD: c:\repos\project-titan\project-titan-server
11 silly lifecycle project-titan-server@1.0.0~start: Args: [ '/d /s /c',
11 silly lifecycle   'START /B mongod && set server=true && node app.js' ]
12 silly lifecycle project-titan-server@1.0.0~start: Returned: code: 3221225786  signal: null
13 info lifecycle project-titan-server@1.0.0~start: Failed to exec start script
14 verbose stack Error: project-titan-server@1.0.0 start: `START /B mongod && set server=true && node app.js`
14 verbose stack Exit status 3221225786
14 verbose stack     at EventEmitter.<anonymous> (C:\Program Files\nodejs\node_modules\npm\lib\utils\lifecycle.js:255:16)
14 verbose stack     at emitTwo (events.js:106:13)
14 verbose stack     at EventEmitter.emit (events.js:191:7)
14 verbose stack     at ChildProcess.<anonymous> (C:\Program Files\nodejs\node_modules\npm\lib\utils\spawn.js:40:14)
14 verbose stack     at emitTwo (events.js:106:13)
14 verbose stack     at ChildProcess.emit (events.js:191:7)
14 verbose stack     at maybeClose (internal/child_process.js:877:16)
14 verbose stack     at Process.ChildProcess._handle.onexit (internal/child_process.js:226:5)
15 verbose pkgid project-titan-server@1.0.0
16 verbose cwd c:\repos\project-titan\project-titan-server
17 error Windows_NT 10.0.14393
18 error argv "C:\\Program Files\\nodejs\\node.exe" "C:\\Program Files\\nodejs\\node_modules\\npm\\bin\\npm-cli.js" "start"
19 error node v6.9.1
20 error npm  v3.10.8
21 error code ELIFECYCLE
22 error project-titan-server@1.0.0 start: `START /B mongod && set server=true && node app.js`
22 error Exit status 3221225786
23 error Failed at the project-titan-server@1.0.0 start script 'START /B mongod && set server=true && node app.js'.
23 error Make sure you have the latest version of node.js and npm installed.
23 error If you do, this is most likely a problem with the project-titan-server package,
23 error not with npm itself.
23 error Tell the author that this fails on your system:
23 error     START /B mongod && set server=true && node app.js
23 error You can get information on how to open an issue for this project with:
23 error     npm bugs project-titan-server
23 error Or if that isn't available, you can get their info via:
23 error     npm owner ls project-titan-server
23 error There is likely additional logging output above.
24 verbose exit [ 1, true ]
